<?xml version="1.0" encoding="UTF-8"?>
<robot generator="Robot 6.1 (Python 3.11.4 on win32)" generated="20231206 22:31:08.808" rpa="false" schemaversion="4">
<suite id="s1" name="Tests" source="C:\repo\RobotFramework-BDD-eBayAutomation\tests">
<suite id="s1-s1" name="Automobile  Insurance" source="C:\repo\RobotFramework-BDD-eBayAutomation\tests\automobile _insurance.robot">
<test id="s1-s1-t1" name="Fill out the insurance form and validate the success message" line="21">
<kw name="Open Login Page Using Chrome Browser" library="resources" type="SETUP">
<kw name="Open Browser" library="SeleniumLibrary">
<arg>${MAIN_PAGE}</arg>
<arg>Chrome</arg>
<doc>Opens a new browser instance to the optional ``url``.</doc>
<msg timestamp="20231206 22:31:09.062" level="INFO">Opening browser 'Chrome' to base url 'https://sampleapp.tricentis.com/101/app.php'.</msg>
<msg timestamp="20231206 22:31:09.077" level="INFO">Executing: C:\Users\strik\AppData\Local\Programs\Python\Python311\Lib\site-packages\selenium\webdriver\common\windows\selenium-manager.exe --browser chrome --output json</msg>
<msg timestamp="20231206 22:31:10.544" level="WARN">Unable to obtain driver using Selenium Manager: Selenium Manager failed for: C:\Users\strik\AppData\Local\Programs\Python\Python311\Lib\site-packages\selenium\webdriver\common\windows\selenium-manager.exe --browser chrome --output json.
The chromedriver version cannot be discovered</msg>
<msg timestamp="20231206 22:31:10.544" level="INFO">Cannot capture screenshot because no browser is open.</msg>
<msg timestamp="20231206 22:31:10.544" level="FAIL">SeleniumManagerException: Message: Selenium Manager failed for: C:\Users\strik\AppData\Local\Programs\Python\Python311\Lib\site-packages\selenium\webdriver\common\windows\selenium-manager.exe --browser chrome --output json.
The chromedriver version cannot be discovered
</msg>
<status status="FAIL" starttime="20231206 22:31:09.062" endtime="20231206 22:31:10.560"/>
</kw>
<kw name="Maximize Browser Window" library="SeleniumLibrary">
<doc>Maximizes current browser window.</doc>
<status status="NOT RUN" starttime="20231206 22:31:10.560" endtime="20231206 22:31:10.560"/>
</kw>
<status status="FAIL" starttime="20231206 22:31:09.062" endtime="20231206 22:31:10.560"/>
</kw>
<kw name="Close Browser" library="SeleniumLibrary" type="TEARDOWN">
<doc>Closes the current browser.</doc>
<status status="PASS" starttime="20231206 22:31:10.560" endtime="20231206 22:31:10.560"/>
</kw>
<status status="FAIL" starttime="20231206 22:31:09.062" endtime="20231206 22:31:10.560">Setup failed:
SeleniumManagerException: Message: Selenium Manager failed for: C:\Users\strik\AppData\Local\Programs\Python\Python311\Lib\site-packages\selenium\webdriver\common\windows\selenium-manager.exe --browser chrome --output json.
The chromedriver version cannot be discovered
</status>
</test>
<status status="FAIL" starttime="20231206 22:31:08.839" endtime="20231206 22:31:10.560"/>
</suite>
<suite id="s1-s2" name="Ebay Electronics Tests" source="C:\repo\RobotFramework-BDD-eBayAutomation\tests\ebay_electronics_tests.robot">
<test id="s1-s2-t1" name="Searching a Playstation under Video Games &amp; Consoles category of Electronics menu" line="18">
<kw name="Open Login Page Using Chrome Browser" library="resources" type="SETUP">
<kw name="Open Browser" library="SeleniumLibrary">
<arg>${MAIN_PAGE}</arg>
<arg>Chrome</arg>
<doc>Opens a new browser instance to the optional ``url``.</doc>
<msg timestamp="20231206 22:31:10.560" level="INFO">Opening browser 'Chrome' to base url 'https://sampleapp.tricentis.com/101/app.php'.</msg>
<msg timestamp="20231206 22:31:10.576" level="INFO">Executing: C:\Users\strik\AppData\Local\Programs\Python\Python311\Lib\site-packages\selenium\webdriver\common\windows\selenium-manager.exe --browser chrome --output json</msg>
<msg timestamp="20231206 22:31:11.995" level="WARN">Unable to obtain driver using Selenium Manager: Selenium Manager failed for: C:\Users\strik\AppData\Local\Programs\Python\Python311\Lib\site-packages\selenium\webdriver\common\windows\selenium-manager.exe --browser chrome --output json.
The chromedriver version cannot be discovered</msg>
<msg timestamp="20231206 22:31:11.995" level="INFO">Cannot capture screenshot because no browser is open.</msg>
<msg timestamp="20231206 22:31:11.995" level="FAIL">SeleniumManagerException: Message: Selenium Manager failed for: C:\Users\strik\AppData\Local\Programs\Python\Python311\Lib\site-packages\selenium\webdriver\common\windows\selenium-manager.exe --browser chrome --output json.
The chromedriver version cannot be discovered
</msg>
<status status="FAIL" starttime="20231206 22:31:10.560" endtime="20231206 22:31:11.995"/>
</kw>
<kw name="Maximize Browser Window" library="SeleniumLibrary">
<doc>Maximizes current browser window.</doc>
<status status="NOT RUN" starttime="20231206 22:31:11.995" endtime="20231206 22:31:11.995"/>
</kw>
<status status="FAIL" starttime="20231206 22:31:10.560" endtime="20231206 22:31:11.995"/>
</kw>
<kw name="Close Browser" library="SeleniumLibrary" type="TEARDOWN">
<doc>Closes the current browser.</doc>
<status status="PASS" starttime="20231206 22:31:11.995" endtime="20231206 22:31:11.995"/>
</kw>
<status status="FAIL" starttime="20231206 22:31:10.560" endtime="20231206 22:31:11.995">Setup failed:
SeleniumManagerException: Message: Selenium Manager failed for: C:\Users\strik\AppData\Local\Programs\Python\Python311\Lib\site-packages\selenium\webdriver\common\windows\selenium-manager.exe --browser chrome --output json.
The chromedriver version cannot be discovered
</status>
</test>
<status status="FAIL" starttime="20231206 22:31:10.560" endtime="20231206 22:31:11.995"/>
</suite>
<suite id="s1-s3" name="Ebay Fashion Tests" source="C:\repo\RobotFramework-BDD-eBayAutomation\tests\ebay_fashion_tests.robot">
<test id="s1-s3-t1" name="Searching Fine Jewelry under Jewelry category of Fashion menu" line="20">
<kw name="Open Login Page Using Chrome Browser" library="resources" type="SETUP">
<kw name="Open Browser" library="SeleniumLibrary">
<arg>${MAIN_PAGE}</arg>
<arg>Chrome</arg>
<doc>Opens a new browser instance to the optional ``url``.</doc>
<msg timestamp="20231206 22:31:11.995" level="INFO">Opening browser 'Chrome' to base url 'https://sampleapp.tricentis.com/101/app.php'.</msg>
<msg timestamp="20231206 22:31:12.011" level="INFO">Executing: C:\Users\strik\AppData\Local\Programs\Python\Python311\Lib\site-packages\selenium\webdriver\common\windows\selenium-manager.exe --browser chrome --output json</msg>
<msg timestamp="20231206 22:31:13.382" level="WARN">Unable to obtain driver using Selenium Manager: Selenium Manager failed for: C:\Users\strik\AppData\Local\Programs\Python\Python311\Lib\site-packages\selenium\webdriver\common\windows\selenium-manager.exe --browser chrome --output json.
The chromedriver version cannot be discovered</msg>
<msg timestamp="20231206 22:31:13.382" level="INFO">Cannot capture screenshot because no browser is open.</msg>
<msg timestamp="20231206 22:31:13.382" level="FAIL">SeleniumManagerException: Message: Selenium Manager failed for: C:\Users\strik\AppData\Local\Programs\Python\Python311\Lib\site-packages\selenium\webdriver\common\windows\selenium-manager.exe --browser chrome --output json.
The chromedriver version cannot be discovered
</msg>
<status status="FAIL" starttime="20231206 22:31:11.995" endtime="20231206 22:31:13.382"/>
</kw>
<kw name="Maximize Browser Window" library="SeleniumLibrary">
<doc>Maximizes current browser window.</doc>
<status status="NOT RUN" starttime="20231206 22:31:13.382" endtime="20231206 22:31:13.382"/>
</kw>
<status status="FAIL" starttime="20231206 22:31:11.995" endtime="20231206 22:31:13.382"/>
</kw>
<kw name="Close Browser" library="SeleniumLibrary" type="TEARDOWN">
<doc>Closes the current browser.</doc>
<status status="PASS" starttime="20231206 22:31:13.382" endtime="20231206 22:31:13.382"/>
</kw>
<status status="FAIL" starttime="20231206 22:31:11.995" endtime="20231206 22:31:13.382">Setup failed:
SeleniumManagerException: Message: Selenium Manager failed for: C:\Users\strik\AppData\Local\Programs\Python\Python311\Lib\site-packages\selenium\webdriver\common\windows\selenium-manager.exe --browser chrome --output json.
The chromedriver version cannot be discovered
</status>
</test>
<status status="FAIL" starttime="20231206 22:31:11.995" endtime="20231206 22:31:13.382"/>
</suite>
<suite id="s1-s4" name="Ebay Login Tests" source="C:\repo\RobotFramework-BDD-eBayAutomation\tests\ebay_login_tests.robot">
<test id="s1-s4-t1" name="Sign In To Ebay Test" line="15">
<kw name="Open Login Page Using Chrome Browser" library="resources" type="SETUP">
<kw name="Open Browser" library="SeleniumLibrary">
<arg>${MAIN_PAGE}</arg>
<arg>Chrome</arg>
<doc>Opens a new browser instance to the optional ``url``.</doc>
<msg timestamp="20231206 22:31:13.398" level="INFO">Opening browser 'Chrome' to base url 'https://sampleapp.tricentis.com/101/app.php'.</msg>
<msg timestamp="20231206 22:31:13.398" level="INFO">Executing: C:\Users\strik\AppData\Local\Programs\Python\Python311\Lib\site-packages\selenium\webdriver\common\windows\selenium-manager.exe --browser chrome --output json</msg>
<msg timestamp="20231206 22:31:14.782" level="WARN">Unable to obtain driver using Selenium Manager: Selenium Manager failed for: C:\Users\strik\AppData\Local\Programs\Python\Python311\Lib\site-packages\selenium\webdriver\common\windows\selenium-manager.exe --browser chrome --output json.
The chromedriver version cannot be discovered</msg>
<msg timestamp="20231206 22:31:14.782" level="INFO">Cannot capture screenshot because no browser is open.</msg>
<msg timestamp="20231206 22:31:14.782" level="FAIL">SeleniumManagerException: Message: Selenium Manager failed for: C:\Users\strik\AppData\Local\Programs\Python\Python311\Lib\site-packages\selenium\webdriver\common\windows\selenium-manager.exe --browser chrome --output json.
The chromedriver version cannot be discovered
</msg>
<status status="FAIL" starttime="20231206 22:31:13.398" endtime="20231206 22:31:14.782"/>
</kw>
<kw name="Maximize Browser Window" library="SeleniumLibrary">
<doc>Maximizes current browser window.</doc>
<status status="NOT RUN" starttime="20231206 22:31:14.782" endtime="20231206 22:31:14.782"/>
</kw>
<status status="FAIL" starttime="20231206 22:31:13.398" endtime="20231206 22:31:14.782"/>
</kw>
<kw name="Close Browser" library="SeleniumLibrary" type="TEARDOWN">
<doc>Closes the current browser.</doc>
<status status="PASS" starttime="20231206 22:31:14.782" endtime="20231206 22:31:14.782"/>
</kw>
<status status="FAIL" starttime="20231206 22:31:13.398" endtime="20231206 22:31:14.782">Setup failed:
SeleniumManagerException: Message: Selenium Manager failed for: C:\Users\strik\AppData\Local\Programs\Python\Python311\Lib\site-packages\selenium\webdriver\common\windows\selenium-manager.exe --browser chrome --output json.
The chromedriver version cannot be discovered
</status>
</test>
<status status="FAIL" starttime="20231206 22:31:13.382" endtime="20231206 22:31:14.798"/>
</suite>
<suite id="s1-s5" name="Ebay Search Tests" source="C:\repo\RobotFramework-BDD-eBayAutomation\tests\ebay_search_tests.robot">
<test id="s1-s5-t1" name="Searching Ebay Test" line="20">
<kw name="Open Login Page Using Chrome Browser" library="resources" type="SETUP">
<kw name="Open Browser" library="SeleniumLibrary">
<arg>${MAIN_PAGE}</arg>
<arg>Chrome</arg>
<doc>Opens a new browser instance to the optional ``url``.</doc>
<msg timestamp="20231206 22:31:14.798" level="INFO">Opening browser 'Chrome' to base url 'https://sampleapp.tricentis.com/101/app.php'.</msg>
<msg timestamp="20231206 22:31:14.813" level="INFO">Executing: C:\Users\strik\AppData\Local\Programs\Python\Python311\Lib\site-packages\selenium\webdriver\common\windows\selenium-manager.exe --browser chrome --output json</msg>
<msg timestamp="20231206 22:31:16.216" level="WARN">Unable to obtain driver using Selenium Manager: Selenium Manager failed for: C:\Users\strik\AppData\Local\Programs\Python\Python311\Lib\site-packages\selenium\webdriver\common\windows\selenium-manager.exe --browser chrome --output json.
The chromedriver version cannot be discovered</msg>
<msg timestamp="20231206 22:31:16.216" level="INFO">Cannot capture screenshot because no browser is open.</msg>
<msg timestamp="20231206 22:31:16.216" level="FAIL">SeleniumManagerException: Message: Selenium Manager failed for: C:\Users\strik\AppData\Local\Programs\Python\Python311\Lib\site-packages\selenium\webdriver\common\windows\selenium-manager.exe --browser chrome --output json.
The chromedriver version cannot be discovered
</msg>
<status status="FAIL" starttime="20231206 22:31:14.798" endtime="20231206 22:31:16.216"/>
</kw>
<kw name="Maximize Browser Window" library="SeleniumLibrary">
<doc>Maximizes current browser window.</doc>
<status status="NOT RUN" starttime="20231206 22:31:16.216" endtime="20231206 22:31:16.216"/>
</kw>
<status status="FAIL" starttime="20231206 22:31:14.798" endtime="20231206 22:31:16.216"/>
</kw>
<kw name="Close Browser" library="SeleniumLibrary" type="TEARDOWN">
<doc>Closes the current browser.</doc>
<status status="PASS" starttime="20231206 22:31:16.216" endtime="20231206 22:31:16.216"/>
</kw>
<status status="FAIL" starttime="20231206 22:31:14.798" endtime="20231206 22:31:16.216">Setup failed:
SeleniumManagerException: Message: Selenium Manager failed for: C:\Users\strik\AppData\Local\Programs\Python\Python311\Lib\site-packages\selenium\webdriver\common\windows\selenium-manager.exe --browser chrome --output json.
The chromedriver version cannot be discovered
</status>
</test>
<status status="FAIL" starttime="20231206 22:31:14.798" endtime="20231206 22:31:16.216"/>
</suite>
<status status="FAIL" starttime="20231206 22:31:08.808" endtime="20231206 22:31:16.216"/>
</suite>
<statistics>
<total>
<stat pass="0" fail="5" skip="0">All Tests</stat>
</total>
<tag>
</tag>
<suite>
<stat pass="0" fail="5" skip="0" id="s1" name="Tests">Tests</stat>
<stat pass="0" fail="1" skip="0" id="s1-s1" name="Automobile  Insurance">Tests.Automobile  Insurance</stat>
<stat pass="0" fail="1" skip="0" id="s1-s2" name="Ebay Electronics Tests">Tests.Ebay Electronics Tests</stat>
<stat pass="0" fail="1" skip="0" id="s1-s3" name="Ebay Fashion Tests">Tests.Ebay Fashion Tests</stat>
<stat pass="0" fail="1" skip="0" id="s1-s4" name="Ebay Login Tests">Tests.Ebay Login Tests</stat>
<stat pass="0" fail="1" skip="0" id="s1-s5" name="Ebay Search Tests">Tests.Ebay Search Tests</stat>
</suite>
</statistics>
<errors>
<msg timestamp="20231206 22:31:10.544" level="WARN">Unable to obtain driver using Selenium Manager: Selenium Manager failed for: C:\Users\strik\AppData\Local\Programs\Python\Python311\Lib\site-packages\selenium\webdriver\common\windows\selenium-manager.exe --browser chrome --output json.
The chromedriver version cannot be discovered</msg>
<msg timestamp="20231206 22:31:11.995" level="WARN">Unable to obtain driver using Selenium Manager: Selenium Manager failed for: C:\Users\strik\AppData\Local\Programs\Python\Python311\Lib\site-packages\selenium\webdriver\common\windows\selenium-manager.exe --browser chrome --output json.
The chromedriver version cannot be discovered</msg>
<msg timestamp="20231206 22:31:13.382" level="WARN">Unable to obtain driver using Selenium Manager: Selenium Manager failed for: C:\Users\strik\AppData\Local\Programs\Python\Python311\Lib\site-packages\selenium\webdriver\common\windows\selenium-manager.exe --browser chrome --output json.
The chromedriver version cannot be discovered</msg>
<msg timestamp="20231206 22:31:14.782" level="WARN">Unable to obtain driver using Selenium Manager: Selenium Manager failed for: C:\Users\strik\AppData\Local\Programs\Python\Python311\Lib\site-packages\selenium\webdriver\common\windows\selenium-manager.exe --browser chrome --output json.
The chromedriver version cannot be discovered</msg>
<msg timestamp="20231206 22:31:16.216" level="WARN">Unable to obtain driver using Selenium Manager: Selenium Manager failed for: C:\Users\strik\AppData\Local\Programs\Python\Python311\Lib\site-packages\selenium\webdriver\common\windows\selenium-manager.exe --browser chrome --output json.
The chromedriver version cannot be discovered</msg>
</errors>
</robot>
